\BOOKMARK [0][-]{figure.caption.2}{\376\377\006\101\006\107\006\061\006\063\006\052\000\040\006\071\006\104\006\047\006\046\006\105\000\040\006\110\000\040\006\106\006\064\006\047\006\106\006\107\040\014\006\107\006\047}{}% 1
\BOOKMARK [0][-]{figure.caption.2}{\376\377\006\101\006\107\006\061\006\063\006\052\000\040\006\054\006\057\006\110\006\104\000\040\006\107\006\047}{}% 2
\BOOKMARK [0][-]{figure.caption.2}{\376\377\006\101\006\107\006\061\006\063\006\052\000\040\006\064\006\251\006\104\000\040\006\107\006\047}{}% 3
\BOOKMARK [0][-]{chapter.1}{\376\377\006\105\006\102\006\057\006\105\006\107}{}% 4
\BOOKMARK [1][-]{section.1.1}{\376\377\006\052\006\106\006\070\006\314\006\105\006\047\006\052\000\040\006\050\006\061\006\106\006\047\006\105\006\107}{chapter.1}% 5
\BOOKMARK [1][-]{section.1.2}{\376\377\006\105\006\052\006\106\000\040\006\052\006\102\006\057\006\314\006\105\006\014\000\040\006\052\006\064\006\251\006\061\000\040\006\110\000\040\006\206\006\251\006\314\006\057\006\107}{chapter.1}% 6
\BOOKMARK [1][-]{section.1.3}{\376\377\006\110\006\047\006\061\006\057\000\040\006\251\006\061\006\057\006\106\000\040\006\106\006\105\006\047\006\057\000\040\006\061\006\314\006\047\006\066\006\314\000\040\006\057\006\061\000\040\006\101\006\107\006\061\006\063\006\052\000\040\006\106\006\105\006\047\006\057\000\040\006\107\006\047}{chapter.1}% 7
\BOOKMARK [1][-]{section.1.4}{\376\377\006\101\006\110\006\106\006\052\000\040\006\110\000\040\006\063\006\047\006\314\006\062\000\040\006\101\006\110\006\106\006\052\040\014\006\107\006\047\006\314\000\040\006\105\006\110\006\061\006\057\000\040\006\047\006\063\006\052\006\101\006\047\006\057\006\107}{chapter.1}% 8
\BOOKMARK [0][-]{chapter.2}{\376\377\006\105\006\055\006\314\006\067\000\040\006\107\006\047}{}% 9
\BOOKMARK [1][-]{section.2.1}{\376\377\006\054\006\057\006\047\006\110\006\104\000\040\006\110\000\040\006\052\006\065\006\047\006\110\006\314\006\061}{chapter.2}% 10
\BOOKMARK [1][-]{section.2.2}{\376\377\006\105\006\071\006\047\006\057\006\104\006\047\006\052}{chapter.2}% 11
\BOOKMARK [1][-]{section.2.3}{\376\377\006\102\006\066\006\047\006\314\006\047}{chapter.2}% 12
\BOOKMARK [1][-]{section.2.4}{\376\377\006\050\006\061\006\106\006\047\006\105\006\107\040\014\006\107\006\047}{chapter.2}% 13
\BOOKMARK [0][-]{chapter.3}{\376\377\006\047\006\061\006\054\006\047\006\071\040\014\006\057\006\107\006\314}{}% 14
\BOOKMARK [1][-]{section.3.1}{\376\377\006\047\006\061\006\054\006\047\006\071\040\014\006\057\006\107\006\314\000\040\006\105\006\055\006\314\006\067\040\014\006\107\006\047\006\314\000\040\006\257\006\110\006\106\006\047\006\257\006\110\006\106}{chapter.3}% 15
\BOOKMARK [1][-]{section.3.2}{\376\377\006\047\006\061\006\054\006\047\006\071\040\014\006\057\006\107\006\314\000\040\006\105\006\052\006\110\006\106\000\040\006\071\006\104\006\105\006\314}{chapter.3}% 16
\BOOKMARK [1][-]{section.3.3}{\376\377\006\176\006\047\006\106\006\110\006\314\006\063\040\014\006\107\006\047\000\040\006\110\000\040\006\101\006\107\006\061\006\063\006\052\000\040\006\047\006\056\006\052\006\065\006\047\006\061\006\047\006\052}{chapter.3}% 17
\BOOKMARK [0][-]{chapter.4}{\376\377\006\054\006\105\006\071\000\040\006\050\006\106\006\057\006\314}{}% 18
\BOOKMARK [1][-]{section.4.1}{\376\377\006\106\006\251\006\047\006\052\000\040\006\106\006\257\006\047\006\061\006\064\006\314}{chapter.4}% 19
\BOOKMARK [1][-]{section.4.2}{\376\377\006\052\006\251\006\047\006\052\000\040\006\052\006\251\006\106\006\314\006\251\006\314}{chapter.4}% 20
\BOOKMARK [1][-]{section.4.3}{\376\377\006\107\006\105\006\047\006\106\006\106\006\057\006\054\006\110\006\314\006\314\000\040\006\110\000\040\006\053\006\050\006\052\000\040\006\176\006\047\006\314\006\047\006\106\040\014\006\106\006\047\006\105\006\107\000/\006\061\006\063\006\047\006\104\006\107}{chapter.4}% 21
\BOOKMARK [0][-]{appendix.Alph1}{\376\377\000\040\006\047\006\314\006\054\006\047\006\057\000\040\006\176\006\314\006\110\006\063\006\052}{}% 22
\BOOKMARK [0][-]{appendix.Alph2}{\376\377\006\064\006\056\006\065\006\314\040\014\006\063\006\047\006\062\006\314\000\040\006\176\006\314\006\110\006\063\006\052}{}% 23
\BOOKMARK [0][-]{appendix.Alph2}{\376\377\006\101\006\107\006\061\006\063\006\052\000\040\006\105\006\061\006\047\006\054\006\071}{}% 24
\BOOKMARK [0][-]{section*.8}{\376\377\006\110\006\047\006\230\006\107\000\040\006\106\006\047\006\105\006\107\000\040\006\047\006\106\006\257\006\104\006\314\006\063\006\314\000\040\006\050\006\107\000\040\006\101\006\047\006\061\006\063\006\314}{}% 25
\BOOKMARK [0][-]{section*.11}{\376\377\006\110\006\047\006\230\006\107\000\040\006\106\006\047\006\105\006\107\000\040\006\101\006\047\006\061\006\063\006\314\000\040\006\050\006\107\000\040\006\047\006\106\006\257\006\104\006\314\006\063\006\314}{}% 26
\BOOKMARK [0][-]{section*.14}{\376\377\006\101\006\107\006\061\006\063\006\052\000\040\006\047\006\056\006\052\006\065\006\047\006\061\006\047\006\052}{}% 27
